# JRE version: Java(TM) SE Runtime Environment (22.0.1+8) (build 22.0.1+8-16)
# Java VM: Java HotSpot(TM) 64-Bit Server VM (22.0.1+8-16, mixed mode, sharing, tiered, compressed oops, compressed class ptrs, parallel gc, windows-amd64)
GC Precious Log:
 CardTable entry size: 512
 CPUs: 12 total, 12 available
 Memory: 15773M
 Large Page Support: Disabled
 NUMA Support: Disabled
 Compressed Oops: Enabled (32-bit)
 Alignments: Space 512K, Generation 512K, Heap 2M
 Heap Min Capacity: 100M
 Heap Initial Capacity: 100M
 Heap Max Capacity: 2G
 Pre-touch: Disabled
 Parallel Workers: 10
Heap:
 PSYoungGen      total 20992K, used 6520K [0x00000000d5580000, 0x00000000d6d00000, 0x0000000100000000)
  eden space 17920K, 20% used [0x00000000d5580000,0x00000000d5919a50,0x00000000d6700000)
  from space 3072K, 92% used [0x00000000d6700000,0x00000000d69c4898,0x00000000d6a00000)
  to   space 3072K, 0% used [0x00000000d6a00000,0x00000000d6a00000,0x00000000d6d00000)
 ParOldGen       total 68608K, used 33395K [0x0000000080000000, 0x0000000084300000, 0x00000000d5580000)
  object space 68608K, 48% used [0x0000000080000000,0x000000008209cc68,0x0000000084300000)
 Metaspace       used 42747K, committed 43712K, reserved 1114112K
  class space    used 4223K, committed 4672K, reserved 1048576K
GC Heap History (20 events):
Event: 5.873 GC heap before
{Heap before GC invocations=18 (full 1):
 PSYoungGen      total 23552K, used 23136K [0x00000000d5580000, 0x00000000d6f80000, 0x0000000100000000)
  eden space 20992K, 100% used [0x00000000d5580000,0x00000000d6a00000,0x00000000d6a00000)
  from space 2560K, 83% used [0x00000000d6d00000,0x00000000d6f18010,0x00000000d6f80000)
  to   space 2560K, 0% used [0x00000000d6a80000,0x00000000d6a80000,0x00000000d6d00000)
 ParOldGen       total 68608K, used 24461K [0x0000000080000000, 0x0000000084300000, 0x00000000d5580000)
  object space 68608K, 35% used [0x0000000080000000,0x00000000817e3660,0x0000000084300000)
 Metaspace       used 32961K, committed 33856K, reserved 1114112K
  class space    used 3278K, committed 3712K, reserved 1048576K
}
Event: 5.876 GC heap after
{Heap after GC invocations=18 (full 1):
 PSYoungGen      total 23040K, used 1848K [0x00000000d5580000, 0x00000000d6e00000, 0x0000000100000000)
  eden space 20992K, 0% used [0x00000000d5580000,0x00000000d5580000,0x00000000d6a00000)
  from space 2048K, 90% used [0x00000000d6a80000,0x00000000d6c4e200,0x00000000d6c80000)
  to   space 1536K, 0% used [0x00000000d6c80000,0x00000000d6c80000,0x00000000d6e00000)
 ParOldGen       total 68608K, used 26485K [0x0000000080000000, 0x0000000084300000, 0x00000000d5580000)
  object space 68608K, 38% used [0x0000000080000000,0x00000000819dd670,0x0000000084300000)
 Metaspace       used 32961K, committed 33856K, reserved 1114112K
  class space    used 3278K, committed 3712K, reserved 1048576K
}
Event: 6.330 GC heap before
{Heap before GC invocations=19 (full 1):
 PSYoungGen      total 23040K, used 22840K [0x00000000d5580000, 0x00000000d6e00000, 0x0000000100000000)
  eden space 20992K, 100% used [0x00000000d5580000,0x00000000d6a00000,0x00000000d6a00000)
  from space 2048K, 90% used [0x00000000d6a80000,0x00000000d6c4e200,0x00000000d6c80000)
  to   space 1536K, 0% used [0x00000000d6c80000,0x00000000d6c80000,0x00000000d6e00000)
 ParOldGen       total 68608K, used 26485K [0x0000000080000000, 0x0000000084300000, 0x00000000d5580000)
  object space 68608K, 38% used [0x0000000080000000,0x00000000819dd670,0x0000000084300000)
 Metaspace       used 34194K, committed 35136K, reserved 1114112K
  class space    used 3435K, committed 3840K, reserved 1048576K
}
Event: 6.331 GC heap after
{Heap after GC invocations=19 (full 1):
 PSYoungGen      total 21504K, used 1512K [0x00000000d5580000, 0x00000000d7100000, 0x0000000100000000)
  eden space 19968K, 0% used [0x00000000d5580000,0x00000000d5580000,0x00000000d6900000)
  from space 1536K, 98% used [0x00000000d6c80000,0x00000000d6dfa2c8,0x00000000d6e00000)
  to   space 3584K, 0% used [0x00000000d6900000,0x00000000d6900000,0x00000000d6c80000)
 ParOldGen       total 68608K, used 28254K [0x0000000080000000, 0x0000000084300000, 0x00000000d5580000)
  object space 68608K, 41% used [0x0000000080000000,0x0000000081b97870,0x0000000084300000)
 Metaspace       used 34194K, committed 35136K, reserved 1114112K
  class space    used 3435K, committed 3840K, reserved 1048576K
}
Event: 6.486 GC heap before
{Heap before GC invocations=20 (full 1):
 PSYoungGen      total 21504K, used 4801K [0x00000000d5580000, 0x00000000d7100000, 0x0000000100000000)
  eden space 19968K, 16% used [0x00000000d5580000,0x00000000d58b6500,0x00000000d6900000)
  from space 1536K, 98% used [0x00000000d6c80000,0x00000000d6dfa2c8,0x00000000d6e00000)
  to   space 3584K, 0% used [0x00000000d6900000,0x00000000d6900000,0x00000000d6c80000)
 ParOldGen       total 68608K, used 28254K [0x0000000080000000, 0x0000000084300000, 0x00000000d5580000)
  object space 68608K, 41% used [0x0000000080000000,0x0000000081b97870,0x0000000084300000)
 Metaspace       used 35001K, committed 35840K, reserved 1114112K
  class space    used 3514K, committed 3904K, reserved 1048576K
}
Event: 6.488 GC heap after
{Heap after GC invocations=20 (full 1):
 PSYoungGen      total 20480K, used 288K [0x00000000d5580000, 0x00000000d6d00000, 0x0000000100000000)
  eden space 19968K, 0% used [0x00000000d5580000,0x00000000d5580000,0x00000000d6900000)
  from space 512K, 56% used [0x00000000d6900000,0x00000000d6948000,0x00000000d6980000)
  to   space 1536K, 0% used [0x00000000d6b80000,0x00000000d6b80000,0x00000000d6d00000)
 ParOldGen       total 68608K, used 29684K [0x0000000080000000, 0x0000000084300000, 0x00000000d5580000)
  object space 68608K, 43% used [0x0000000080000000,0x0000000081cfd358,0x0000000084300000)
 Metaspace       used 35001K, committed 35840K, reserved 1114112K
  class space    used 3514K, committed 3904K, reserved 1048576K
}
Event: 6.488 GC heap before
{Heap before GC invocations=21 (full 2):
 PSYoungGen      total 20480K, used 288K [0x00000000d5580000, 0x00000000d6d00000, 0x0000000100000000)
  eden space 19968K, 0% used [0x00000000d5580000,0x00000000d5580000,0x00000000d6900000)
  from space 512K, 56% used [0x00000000d6900000,0x00000000d6948000,0x00000000d6980000)
  to   space 1536K, 0% used [0x00000000d6b80000,0x00000000d6b80000,0x00000000d6d00000)
 ParOldGen       total 68608K, used 29684K [0x0000000080000000, 0x0000000084300000, 0x00000000d5580000)
  object space 68608K, 43% used [0x0000000080000000,0x0000000081cfd358,0x0000000084300000)
 Metaspace       used 35001K, committed 35840K, reserved 1114112K
  class space    used 3514K, committed 3904K, reserved 1048576K
}
Event: 6.542 GC heap after
{Heap after GC invocations=21 (full 2):
 PSYoungGen      total 20480K, used 0K [0x00000000d5580000, 0x00000000d6d00000, 0x0000000100000000)
  eden space 19968K, 0% used [0x00000000d5580000,0x00000000d5580000,0x00000000d6900000)
  from space 512K, 0% used [0x00000000d6900000,0x00000000d6900000,0x00000000d6980000)
  to   space 1536K, 0% used [0x00000000d6b80000,0x00000000d6b80000,0x00000000d6d00000)
 ParOldGen       total 68608K, used 28734K [0x0000000080000000, 0x0000000084300000, 0x00000000d5580000)
  object space 68608K, 41% used [0x0000000080000000,0x0000000081c0f998,0x0000000084300000)
 Metaspace       used 35001K, committed 35840K, reserved 1114112K
  class space    used 3514K, committed 3904K, reserved 1048576K
}
Event: 7.280 GC heap before
{Heap before GC invocations=22 (full 2):
 PSYoungGen      total 20480K, used 19968K [0x00000000d5580000, 0x00000000d6d00000, 0x0000000100000000)
  eden space 19968K, 100% used [0x00000000d5580000,0x00000000d6900000,0x00000000d6900000)
  from space 512K, 0% used [0x00000000d6900000,0x00000000d6900000,0x00000000d6980000)
  to   space 1536K, 0% used [0x00000000d6b80000,0x00000000d6b80000,0x00000000d6d00000)
 ParOldGen       total 68608K, used 28734K [0x0000000080000000, 0x0000000084300000, 0x00000000d5580000)
  object space 68608K, 41% used [0x0000000080000000,0x0000000081c0f998,0x0000000084300000)
 Metaspace       used 35863K, committed 36800K, reserved 1114112K
  class space    used 3623K, committed 4032K, reserved 1048576K
}
Event: 7.281 GC heap after
{Heap after GC invocations=22 (full 2):
 PSYoungGen      total 20480K, used 480K [0x00000000d5580000, 0x00000000d6c00000, 0x0000000100000000)
  eden space 19968K, 0% used [0x00000000d5580000,0x00000000d5580000,0x00000000d6900000)
  from space 512K, 93% used [0x00000000d6b80000,0x00000000d6bf8000,0x00000000d6c00000)
  to   space 1024K, 0% used [0x00000000d6a00000,0x00000000d6a00000,0x00000000d6b00000)
 ParOldGen       total 68608K, used 28742K [0x0000000080000000, 0x0000000084300000, 0x00000000d5580000)
  object space 68608K, 41% used [0x0000000080000000,0x0000000081c11998,0x0000000084300000)
 Metaspace       used 35863K, committed 36800K, reserved 1114112K
  class space    used 3623K, committed 4032K, reserved 1048576K
}
Event: 7.683 GC heap before
{Heap before GC invocations=23 (full 2):
 PSYoungGen      total 20480K, used 20448K [0x00000000d5580000, 0x00000000d6c00000, 0x0000000100000000)
  eden space 19968K, 100% used [0x00000000d5580000,0x00000000d6900000,0x00000000d6900000)
  from space 512K, 93% used [0x00000000d6b80000,0x00000000d6bf8000,0x00000000d6c00000)
  to   space 1024K, 0% used [0x00000000d6a00000,0x00000000d6a00000,0x00000000d6b00000)
 ParOldGen       total 68608K, used 28742K [0x0000000080000000, 0x0000000084300000, 0x00000000d5580000)
  object space 68608K, 41% used [0x0000000080000000,0x0000000081c11998,0x0000000084300000)
 Metaspace       used 36881K, committed 37824K, reserved 1114112K
  class space    used 3712K, committed 4160K, reserved 1048576K
}
Event: 7.684 GC heap after
{Heap after GC invocations=23 (full 2):
 PSYoungGen      total 20992K, used 1011K [0x00000000d5580000, 0x00000000d6d00000, 0x0000000100000000)
  eden space 19968K, 0% used [0x00000000d5580000,0x00000000d5580000,0x00000000d6900000)
  from space 1024K, 98% used [0x00000000d6a00000,0x00000000d6afcfa0,0x00000000d6b00000)
  to   space 2048K, 0% used [0x00000000d6b00000,0x00000000d6b00000,0x00000000d6d00000)
 ParOldGen       total 68608K, used 29329K [0x0000000080000000, 0x0000000084300000, 0x00000000d5580000)
  object space 68608K, 42% used [0x0000000080000000,0x0000000081ca45f8,0x0000000084300000)
 Metaspace       used 36881K, committed 37824K, reserved 1114112K
  class space    used 3712K, committed 4160K, reserved 1048576K
}
Event: 7.757 GC heap before
{Heap before GC invocations=24 (full 2):
 PSYoungGen      total 20992K, used 20979K [0x00000000d5580000, 0x00000000d6d00000, 0x0000000100000000)
  eden space 19968K, 100% used [0x00000000d5580000,0x00000000d6900000,0x00000000d6900000)
  from space 1024K, 98% used [0x00000000d6a00000,0x00000000d6afcfa0,0x00000000d6b00000)
  to   space 2048K, 0% used [0x00000000d6b00000,0x00000000d6b00000,0x00000000d6d00000)
 ParOldGen       total 68608K, used 29329K [0x0000000080000000, 0x0000000084300000, 0x00000000d5580000)
  object space 68608K, 42% used [0x0000000080000000,0x0000000081ca45f8,0x0000000084300000)
 Metaspace       used 36899K, committed 37888K, reserved 1114112K
  class space    used 3712K, committed 4160K, reserved 1048576K
}
Event: 7.759 GC heap after
{Heap after GC invocations=24 (full 2):
 PSYoungGen      total 20992K, used 681K [0x00000000d5580000, 0x00000000d6c00000, 0x0000000100000000)
  eden space 19968K, 0% used [0x00000000d5580000,0x00000000d5580000,0x00000000d6900000)
  from space 1024K, 66% used [0x00000000d6b00000,0x00000000d6baa7d8,0x00000000d6c00000)
  to   space 1024K, 0% used [0x00000000d6a00000,0x00000000d6a00000,0x00000000d6b00000)
 ParOldGen       total 68608K, used 29999K [0x0000000080000000, 0x0000000084300000, 0x00000000d5580000)
  object space 68608K, 43% used [0x0000000080000000,0x0000000081d4bce8,0x0000000084300000)
 Metaspace       used 36899K, committed 37888K, reserved 1114112K
  class space    used 3712K, committed 4160K, reserved 1048576K
}
Event: 8.295 GC heap before
{Heap before GC invocations=25 (full 2):
 PSYoungGen      total 20992K, used 20649K [0x00000000d5580000, 0x00000000d6c00000, 0x0000000100000000)
  eden space 19968K, 100% used [0x00000000d5580000,0x00000000d6900000,0x00000000d6900000)
  from space 1024K, 66% used [0x00000000d6b00000,0x00000000d6baa7d8,0x00000000d6c00000)
  to   space 1024K, 0% used [0x00000000d6a00000,0x00000000d6a00000,0x00000000d6b00000)
 ParOldGen       total 68608K, used 29999K [0x0000000080000000, 0x0000000084300000, 0x00000000d5580000)
  object space 68608K, 43% used [0x0000000080000000,0x0000000081d4bce8,0x0000000084300000)
 Metaspace       used 39276K, committed 40256K, reserved 1114112K
  class space    used 3920K, committed 4352K, reserved 1048576K
}
Event: 8.296 GC heap after
{Heap after GC invocations=25 (full 2):
 PSYoungGen      total 20992K, used 995K [0x00000000d5580000, 0x00000000d6c00000, 0x0000000100000000)
  eden space 19968K, 0% used [0x00000000d5580000,0x00000000d5580000,0x00000000d6900000)
  from space 1024K, 97% used [0x00000000d6a00000,0x00000000d6af8ef0,0x00000000d6b00000)
  to   space 1024K, 0% used [0x00000000d6b00000,0x00000000d6b00000,0x00000000d6c00000)
 ParOldGen       total 68608K, used 30031K [0x0000000080000000, 0x0000000084300000, 0x00000000d5580000)
  object space 68608K, 43% used [0x0000000080000000,0x0000000081d53ce8,0x0000000084300000)
 Metaspace       used 39276K, committed 40256K, reserved 1114112K
  class space    used 3920K, committed 4352K, reserved 1048576K
}
Event: 8.947 GC heap before
{Heap before GC invocations=26 (full 2):
 PSYoungGen      total 20992K, used 20963K [0x00000000d5580000, 0x00000000d6c00000, 0x0000000100000000)
  eden space 19968K, 100% used [0x00000000d5580000,0x00000000d6900000,0x00000000d6900000)
  from space 1024K, 97% used [0x00000000d6a00000,0x00000000d6af8ef0,0x00000000d6b00000)
  to   space 1024K, 0% used [0x00000000d6b00000,0x00000000d6b00000,0x00000000d6c00000)
 ParOldGen       total 68608K, used 30031K [0x0000000080000000, 0x0000000084300000, 0x00000000d5580000)
  object space 68608K, 43% used [0x0000000080000000,0x0000000081d53ce8,0x0000000084300000)
 Metaspace       used 41956K, committed 42944K, reserved 1114112K
  class space    used 4196K, committed 4672K, reserved 1048576K
}
Event: 8.949 GC heap after
{Heap after GC invocations=26 (full 2):
 PSYoungGen      total 18944K, used 1022K [0x00000000d5580000, 0x00000000d7100000, 0x0000000100000000)
  eden space 17920K, 0% used [0x00000000d5580000,0x00000000d5580000,0x00000000d6700000)
  from space 1024K, 99% used [0x00000000d6b00000,0x00000000d6bffa58,0x00000000d6c00000)
  to   space 4096K, 0% used [0x00000000d6700000,0x00000000d6700000,0x00000000d6b00000)
 ParOldGen       total 68608K, used 32367K [0x0000000080000000, 0x0000000084300000, 0x00000000d5580000)
  object space 68608K, 47% used [0x0000000080000000,0x0000000081f9bea8,0x0000000084300000)
 Metaspace       used 41956K, committed 42944K, reserved 1114112K
  class space    used 4196K, committed 4672K, reserved 1048576K
}
Event: 9.871 GC heap before
{Heap before GC invocations=27 (full 2):
 PSYoungGen      total 18944K, used 18942K [0x00000000d5580000, 0x00000000d7100000, 0x0000000100000000)
  eden space 17920K, 100% used [0x00000000d5580000,0x00000000d6700000,0x00000000d6700000)
  from space 1024K, 99% used [0x00000000d6b00000,0x00000000d6bffa58,0x00000000d6c00000)
  to   space 4096K, 0% used [0x00000000d6700000,0x00000000d6700000,0x00000000d6b00000)
 ParOldGen       total 68608K, used 32367K [0x0000000080000000, 0x0000000084300000, 0x00000000d5580000)
  object space 68608K, 47% used [0x0000000080000000,0x0000000081f9bea8,0x0000000084300000)
 Metaspace       used 42608K, committed 43584K, reserved 1114112K
  class space    used 4221K, committed 4672K, reserved 1048576K
}
Event: 9.874 GC heap after
{Heap after GC invocations=27 (full 2):
 PSYoungGen      total 20992K, used 2834K [0x00000000d5580000, 0x00000000d6d00000, 0x0000000100000000)
  eden space 17920K, 0% used [0x00000000d5580000,0x00000000d5580000,0x00000000d6700000)
  from space 3072K, 92% used [0x00000000d6700000,0x00000000d69c4898,0x00000000d6a00000)
  to   space 3072K, 0% used [0x00000000d6a00000,0x00000000d6a00000,0x00000000d6d00000)
 ParOldGen       total 68608K, used 33395K [0x0000000080000000, 0x0000000084300000, 0x00000000d5580000)
  object space 68608K, 48% used [0x0000000080000000,0x000000008209cc68,0x0000000084300000)
 Metaspace       used 42608K, committed 43584K, reserved 1114112K
  class space    used 4221K, committed 4672K, reserved 1048576K
}

